2016-03-24 14:14:56 Error: [MissingControllerException] Controller class JsController could not be found.
Exception Attributes: array (
  'class' => 'JsController',
  'plugin' => NULL,
)
Request URL: /immo/js/bootstrap.min.js
Stack Trace:
#0 /var/www/immo/app/webroot/index.php(111): Dispatcher->dispatch(Object(CakeRequest), Object(CakeResponse))
#1 {main}
2016-03-28 10:37:24 Error: Fatal Error (4): syntax error, unexpected 'if' (T_IF) in [/var/www/immo/app/View/Rapports/rapport.ctp, line 423]
2016-03-28 10:37:24 Error: [FatalErrorException] syntax error, unexpected 'if' (T_IF)
Request URL: /immo/rapports/load/NdnfjhaC2sUuSUoJKV1rVV8e
Stack Trace:
#0 /var/www/immo/lib/Cake/Error/ErrorHandler.php(213): ErrorHandler::handleFatalError(4, 'syntax error, u...', '/var/www/immo/a...', 423)
#1 [internal function]: ErrorHandler::handleError(4, 'syntax error, u...', '/var/www/immo/a...', 423, Array)
#2 /var/www/immo/lib/Cake/Core/App.php(933): call_user_func('ErrorHandler::h...', 4, 'syntax error, u...', '/var/www/immo/a...', 423, Array)
#3 /var/www/immo/lib/Cake/Core/App.php(906): App::_checkFatalError()
#4 [internal function]: App::shutdown()
#5 {main}
2016-03-28 10:46:28 Error: Fatal Error (4): syntax error, unexpected '}' in [/var/www/immo/app/View/Rapports/rapport.ctp, line 259]
2016-03-28 10:46:28 Error: [FatalErrorException] syntax error, unexpected '}'
Request URL: /immo/rapport
Stack Trace:
#0 /var/www/immo/lib/Cake/Error/ErrorHandler.php(213): ErrorHandler::handleFatalError(4, 'syntax error, u...', '/var/www/immo/a...', 259)
#1 [internal function]: ErrorHandler::handleError(4, 'syntax error, u...', '/var/www/immo/a...', 259, Array)
#2 /var/www/immo/lib/Cake/Core/App.php(933): call_user_func('ErrorHandler::h...', 4, 'syntax error, u...', '/var/www/immo/a...', 259, Array)
#3 /var/www/immo/lib/Cake/Core/App.php(906): App::_checkFatalError()
#4 [internal function]: App::shutdown()
#5 {main}
2016-03-28 10:52:04 Error: Fatal Error (4): syntax error, unexpected end of file in [/var/www/immo/app/View/Rapports/rapport.ctp, line 2677]
2016-03-28 10:52:04 Error: [FatalErrorException] syntax error, unexpected end of file
Request URL: /immo/rapport
Stack Trace:
#0 /var/www/immo/lib/Cake/Error/ErrorHandler.php(213): ErrorHandler::handleFatalError(4, 'syntax error, u...', '/var/www/immo/a...', 2677)
#1 [internal function]: ErrorHandler::handleError(4, 'syntax error, u...', '/var/www/immo/a...', 2677, Array)
#2 /var/www/immo/lib/Cake/Core/App.php(933): call_user_func('ErrorHandler::h...', 4, 'syntax error, u...', '/var/www/immo/a...', 2677, Array)
#3 /var/www/immo/lib/Cake/Core/App.php(906): App::_checkFatalError()
#4 [internal function]: App::shutdown()
#5 {main}
2016-03-28 10:54:24 Error: Fatal Error (4): syntax error, unexpected ';' in [/var/www/immo/app/View/Rapports/rapport.ctp, line 259]
2016-03-28 10:54:24 Error: [FatalErrorException] syntax error, unexpected ';'
Request URL: /immo/rapport
Stack Trace:
#0 /var/www/immo/lib/Cake/Error/ErrorHandler.php(213): ErrorHandler::handleFatalError(4, 'syntax error, u...', '/var/www/immo/a...', 259)
#1 [internal function]: ErrorHandler::handleError(4, 'syntax error, u...', '/var/www/immo/a...', 259, Array)
#2 /var/www/immo/lib/Cake/Core/App.php(933): call_user_func('ErrorHandler::h...', 4, 'syntax error, u...', '/var/www/immo/a...', 259, Array)
#3 /var/www/immo/lib/Cake/Core/App.php(906): App::_checkFatalError()
#4 [internal function]: App::shutdown()
#5 {main}
2016-03-28 10:54:56 Error: Fatal Error (4): syntax error, unexpected ')', expecting ',' or ';' in [/var/www/immo/app/View/Rapports/rapport.ctp, line 279]
2016-03-28 10:54:56 Error: [FatalErrorException] syntax error, unexpected ')', expecting ',' or ';'
Request URL: /immo/rapport
Stack Trace:
#0 /var/www/immo/lib/Cake/Error/ErrorHandler.php(213): ErrorHandler::handleFatalError(4, 'syntax error, u...', '/var/www/immo/a...', 279)
#1 [internal function]: ErrorHandler::handleError(4, 'syntax error, u...', '/var/www/immo/a...', 279, Array)
#2 /var/www/immo/lib/Cake/Core/App.php(933): call_user_func('ErrorHandler::h...', 4, 'syntax error, u...', '/var/www/immo/a...', 279, Array)
#3 /var/www/immo/lib/Cake/Core/App.php(906): App::_checkFatalError()
#4 [internal function]: App::shutdown()
#5 {main}
2016-04-03 20:20:42 Error: [MissingActionException] Action AppController::View() could not be found.
Exception Attributes: array (
  'controller' => 'AppController',
  'action' => 'View',
)
Request URL: /immo/app/View/Rapports/home.ctp
Stack Trace:
#0 C:\xampp\htdocs\immo\lib\Cake\Routing\Dispatcher.php(193): Controller->invokeAction(Object(CakeRequest))
#1 C:\xampp\htdocs\immo\lib\Cake\Routing\Dispatcher.php(167): Dispatcher->_invoke(Object(AppController), Object(CakeRequest))
#2 C:\xampp\htdocs\immo\app\webroot\index.php(111): Dispatcher->dispatch(Object(CakeRequest), Object(CakeResponse))
#3 {main}
2016-04-03 20:23:48 Error: [MissingActionException] Action AppController::View() could not be found.
Exception Attributes: array (
  'controller' => 'AppController',
  'action' => 'View',
)
Request URL: /immo/app/View/Rapports/
Stack Trace:
#0 C:\xampp\htdocs\immo\lib\Cake\Routing\Dispatcher.php(193): Controller->invokeAction(Object(CakeRequest))
#1 C:\xampp\htdocs\immo\lib\Cake\Routing\Dispatcher.php(167): Dispatcher->_invoke(Object(AppController), Object(CakeRequest))
#2 C:\xampp\htdocs\immo\app\webroot\index.php(111): Dispatcher->dispatch(Object(CakeRequest), Object(CakeResponse))
#3 {main}
2016-04-03 20:23:52 Error: [MissingActionException] Action AppController::View() could not be found.
Exception Attributes: array (
  'controller' => 'AppController',
  'action' => 'View',
)
Request URL: /immo/app/View/Rapports/
Stack Trace:
#0 C:\xampp\htdocs\immo\lib\Cake\Routing\Dispatcher.php(193): Controller->invokeAction(Object(CakeRequest))
#1 C:\xampp\htdocs\immo\lib\Cake\Routing\Dispatcher.php(167): Dispatcher->_invoke(Object(AppController), Object(CakeRequest))
#2 C:\xampp\htdocs\immo\app\webroot\index.php(111): Dispatcher->dispatch(Object(CakeRequest), Object(CakeResponse))
#3 {main}
2016-04-03 20:23:58 Error: [MissingActionException] Action AppController::View() could not be found.
Exception Attributes: array (
  'controller' => 'AppController',
  'action' => 'View',
)
Request URL: /immo/app/View/Rapports/
Stack Trace:
#0 C:\xampp\htdocs\immo\lib\Cake\Routing\Dispatcher.php(193): Controller->invokeAction(Object(CakeRequest))
#1 C:\xampp\htdocs\immo\lib\Cake\Routing\Dispatcher.php(167): Dispatcher->_invoke(Object(AppController), Object(CakeRequest))
#2 C:\xampp\htdocs\immo\app\webroot\index.php(111): Dispatcher->dispatch(Object(CakeRequest), Object(CakeResponse))
#3 {main}
2016-04-03 20:24:06 Error: [MissingActionException] Action AppController::View() could not be found.
Exception Attributes: array (
  'controller' => 'AppController',
  'action' => 'View',
)
Request URL: /immo/app/View/Rapports/rapport
Stack Trace:
#0 C:\xampp\htdocs\immo\lib\Cake\Routing\Dispatcher.php(193): Controller->invokeAction(Object(CakeRequest))
#1 C:\xampp\htdocs\immo\lib\Cake\Routing\Dispatcher.php(167): Dispatcher->_invoke(Object(AppController), Object(CakeRequest))
#2 C:\xampp\htdocs\immo\app\webroot\index.php(111): Dispatcher->dispatch(Object(CakeRequest), Object(CakeResponse))
#3 {main}
2016-04-05 05:28:10 Error: [MissingConnectionException] Database connection "Mysql" is missing, or could not be created.
Exception Attributes: array (
  'class' => 'Mysql',
  'message' => 'SQLSTATE[HY000] [1045] Access denied for user \'gfortin\'@\'localhost\' (using password: YES)',
  'enabled' => true,
)
Request URL: /immo/login
Stack Trace:
#0 C:\xampp\htdocs\immo\lib\Cake\Model\Datasource\DboSource.php(260): Mysql->connect()
#1 C:\xampp\htdocs\immo\lib\Cake\Model\ConnectionManager.php(105): DboSource->__construct(Array)
#2 C:\xampp\htdocs\immo\lib\Cake\Model\Model.php(3626): ConnectionManager::getDataSource('default')
#3 C:\xampp\htdocs\immo\lib\Cake\Model\Model.php(1155): Model->setDataSource('default')
#4 C:\xampp\htdocs\immo\lib\Cake\Model\Model.php(3653): Model->setSource('users')
#5 C:\xampp\htdocs\immo\lib\Cake\Model\Model.php(1387): Model->getDataSource()
#6 C:\xampp\htdocs\immo\lib\Cake\View\Helper\FormHelper.php(215): Model->schema()
#7 C:\xampp\htdocs\immo\lib\Cake\View\Helper\FormHelper.php(468): FormHelper->_introspectModel('User', 'fields')
#8 C:\xampp\htdocs\immo\app\Plugin\Users\View\Users\login.ctp(18): FormHelper->create('User', Array)
#9 C:\xampp\htdocs\immo\lib\Cake\View\View.php(971): include('C:\\xampp\\htdocs...')
#10 C:\xampp\htdocs\immo\lib\Cake\View\View.php(933): View->_evaluate('C:\\xampp\\htdocs...', Array)
#11 C:\xampp\htdocs\immo\lib\Cake\View\View.php(473): View->_render('C:\\xampp\\htdocs...')
#12 C:\xampp\htdocs\immo\lib\Cake\Controller\Controller.php(960): View->render(NULL, NULL)
#13 C:\xampp\htdocs\immo\lib\Cake\Routing\Dispatcher.php(200): Controller->render()
#14 C:\xampp\htdocs\immo\lib\Cake\Routing\Dispatcher.php(167): Dispatcher->_invoke(Object(UsersController), Object(CakeRequest))
#15 C:\xampp\htdocs\immo\app\webroot\index.php(111): Dispatcher->dispatch(Object(CakeRequest), Object(CakeResponse))
#16 {main}
2016-04-05 05:28:37 Error: [MissingConnectionException] Database connection "Mysql" is missing, or could not be created.
Exception Attributes: array (
  'class' => 'Mysql',
  'message' => 'SQLSTATE[HY000] [1045] Access denied for user \'gfortin\'@\'localhost\' (using password: YES)',
  'enabled' => true,
)
Request URL: /immo/register
Stack Trace:
#0 C:\xampp\htdocs\immo\lib\Cake\Model\Datasource\DboSource.php(260): Mysql->connect()
#1 C:\xampp\htdocs\immo\lib\Cake\Model\ConnectionManager.php(105): DboSource->__construct(Array)
#2 C:\xampp\htdocs\immo\lib\Cake\Model\Model.php(3626): ConnectionManager::getDataSource('default')
#3 C:\xampp\htdocs\immo\lib\Cake\Model\Model.php(1155): Model->setDataSource('default')
#4 C:\xampp\htdocs\immo\lib\Cake\Model\Model.php(3653): Model->setSource('users')
#5 C:\xampp\htdocs\immo\lib\Cake\Model\Model.php(1387): Model->getDataSource()
#6 C:\xampp\htdocs\immo\lib\Cake\View\Helper\FormHelper.php(215): Model->schema()
#7 C:\xampp\htdocs\immo\lib\Cake\View\Helper\FormHelper.php(468): FormHelper->_introspectModel('User', 'fields')
#8 C:\xampp\htdocs\immo\app\Plugin\Users\View\Users\add.ctp(17): FormHelper->create('User', Array)
#9 C:\xampp\htdocs\immo\lib\Cake\View\View.php(971): include('C:\\xampp\\htdocs...')
#10 C:\xampp\htdocs\immo\lib\Cake\View\View.php(933): View->_evaluate('C:\\xampp\\htdocs...', Array)
#11 C:\xampp\htdocs\immo\lib\Cake\View\View.php(473): View->_render('C:\\xampp\\htdocs...')
#12 C:\xampp\htdocs\immo\lib\Cake\Controller\Controller.php(960): View->render(NULL, NULL)
#13 C:\xampp\htdocs\immo\lib\Cake\Routing\Dispatcher.php(200): Controller->render()
#14 C:\xampp\htdocs\immo\lib\Cake\Routing\Dispatcher.php(167): Dispatcher->_invoke(Object(UsersController), Object(CakeRequest))
#15 C:\xampp\htdocs\immo\app\webroot\index.php(111): Dispatcher->dispatch(Object(CakeRequest), Object(CakeResponse))
#16 {main}
2016-04-05 05:53:04 Error: [MissingConnectionException] Database connection "Mysql" is missing, or could not be created.
Exception Attributes: array (
  'class' => 'Mysql',
  'message' => 'SQLSTATE[HY000] [1045] Access denied for user \'gfortin\'@\'localhost\' (using password: YES)',
  'enabled' => true,
)
Request URL: /immo/login
Stack Trace:
#0 C:\xampp\htdocs\immo\lib\Cake\Model\Datasource\DboSource.php(260): Mysql->connect()
#1 C:\xampp\htdocs\immo\lib\Cake\Model\ConnectionManager.php(105): DboSource->__construct(Array)
#2 C:\xampp\htdocs\immo\lib\Cake\Model\Model.php(3626): ConnectionManager::getDataSource('default')
#3 C:\xampp\htdocs\immo\lib\Cake\Model\Model.php(1155): Model->setDataSource('default')
#4 C:\xampp\htdocs\immo\lib\Cake\Model\Model.php(3653): Model->setSource('users')
#5 C:\xampp\htdocs\immo\lib\Cake\Model\Model.php(1387): Model->getDataSource()
#6 C:\xampp\htdocs\immo\lib\Cake\View\Helper\FormHelper.php(215): Model->schema()
#7 C:\xampp\htdocs\immo\lib\Cake\View\Helper\FormHelper.php(468): FormHelper->_introspectModel('User', 'fields')
#8 C:\xampp\htdocs\immo\app\Plugin\Users\View\Users\login.ctp(18): FormHelper->create('User', Array)
#9 C:\xampp\htdocs\immo\lib\Cake\View\View.php(971): include('C:\\xampp\\htdocs...')
#10 C:\xampp\htdocs\immo\lib\Cake\View\View.php(933): View->_evaluate('C:\\xampp\\htdocs...', Array)
#11 C:\xampp\htdocs\immo\lib\Cake\View\View.php(473): View->_render('C:\\xampp\\htdocs...')
#12 C:\xampp\htdocs\immo\lib\Cake\Controller\Controller.php(960): View->render(NULL, NULL)
#13 C:\xampp\htdocs\immo\lib\Cake\Routing\Dispatcher.php(200): Controller->render()
#14 C:\xampp\htdocs\immo\lib\Cake\Routing\Dispatcher.php(167): Dispatcher->_invoke(Object(UsersController), Object(CakeRequest))
#15 C:\xampp\htdocs\immo\app\webroot\index.php(111): Dispatcher->dispatch(Object(CakeRequest), Object(CakeResponse))
#16 {main}
2016-04-05 05:53:12 Error: [MissingConnectionException] Database connection "Mysql" is missing, or could not be created.
Exception Attributes: array (
  'class' => 'Mysql',
  'message' => 'SQLSTATE[HY000] [1045] Access denied for user \'gfortin\'@\'localhost\' (using password: YES)',
  'enabled' => true,
)
Request URL: /immo/register
Stack Trace:
#0 C:\xampp\htdocs\immo\lib\Cake\Model\Datasource\DboSource.php(260): Mysql->connect()
#1 C:\xampp\htdocs\immo\lib\Cake\Model\ConnectionManager.php(105): DboSource->__construct(Array)
#2 C:\xampp\htdocs\immo\lib\Cake\Model\Model.php(3626): ConnectionManager::getDataSource('default')
#3 C:\xampp\htdocs\immo\lib\Cake\Model\Model.php(1155): Model->setDataSource('default')
#4 C:\xampp\htdocs\immo\lib\Cake\Model\Model.php(3653): Model->setSource('users')
#5 C:\xampp\htdocs\immo\lib\Cake\Model\Model.php(1387): Model->getDataSource()
#6 C:\xampp\htdocs\immo\lib\Cake\View\Helper\FormHelper.php(215): Model->schema()
#7 C:\xampp\htdocs\immo\lib\Cake\View\Helper\FormHelper.php(468): FormHelper->_introspectModel('User', 'fields')
#8 C:\xampp\htdocs\immo\app\Plugin\Users\View\Users\add.ctp(17): FormHelper->create('User', Array)
#9 C:\xampp\htdocs\immo\lib\Cake\View\View.php(971): include('C:\\xampp\\htdocs...')
#10 C:\xampp\htdocs\immo\lib\Cake\View\View.php(933): View->_evaluate('C:\\xampp\\htdocs...', Array)
#11 C:\xampp\htdocs\immo\lib\Cake\View\View.php(473): View->_render('C:\\xampp\\htdocs...')
#12 C:\xampp\htdocs\immo\lib\Cake\Controller\Controller.php(960): View->render(NULL, NULL)
#13 C:\xampp\htdocs\immo\lib\Cake\Routing\Dispatcher.php(200): Controller->render()
#14 C:\xampp\htdocs\immo\lib\Cake\Routing\Dispatcher.php(167): Dispatcher->_invoke(Object(UsersController), Object(CakeRequest))
#15 C:\xampp\htdocs\immo\app\webroot\index.php(111): Dispatcher->dispatch(Object(CakeRequest), Object(CakeResponse))
#16 {main}
2016-04-05 21:06:01 Error: [MissingConnectionException] Database connection "Mysql" is missing, or could not be created.
Exception Attributes: array (
  'class' => 'Mysql',
  'message' => 'SQLSTATE[HY000] [1045] Access denied for user \'gfortin\'@\'localhost\' (using password: YES)',
  'enabled' => true,
)
Request URL: /immo/login
Stack Trace:
#0 C:\xampp\htdocs\immo\lib\Cake\Model\Datasource\DboSource.php(260): Mysql->connect()
#1 C:\xampp\htdocs\immo\lib\Cake\Model\ConnectionManager.php(105): DboSource->__construct(Array)
#2 C:\xampp\htdocs\immo\lib\Cake\Model\Model.php(3626): ConnectionManager::getDataSource('default')
#3 C:\xampp\htdocs\immo\lib\Cake\Model\Model.php(1155): Model->setDataSource('default')
#4 C:\xampp\htdocs\immo\lib\Cake\Model\Model.php(3653): Model->setSource('users')
#5 C:\xampp\htdocs\immo\lib\Cake\Model\Model.php(1387): Model->getDataSource()
#6 C:\xampp\htdocs\immo\lib\Cake\View\Helper\FormHelper.php(215): Model->schema()
#7 C:\xampp\htdocs\immo\lib\Cake\View\Helper\FormHelper.php(468): FormHelper->_introspectModel('User', 'fields')
#8 C:\xampp\htdocs\immo\app\Plugin\Users\View\Users\login.ctp(18): FormHelper->create('User', Array)
#9 C:\xampp\htdocs\immo\lib\Cake\View\View.php(971): include('C:\\xampp\\htdocs...')
#10 C:\xampp\htdocs\immo\lib\Cake\View\View.php(933): View->_evaluate('C:\\xampp\\htdocs...', Array)
#11 C:\xampp\htdocs\immo\lib\Cake\View\View.php(473): View->_render('C:\\xampp\\htdocs...')
#12 C:\xampp\htdocs\immo\lib\Cake\Controller\Controller.php(960): View->render(NULL, NULL)
#13 C:\xampp\htdocs\immo\lib\Cake\Routing\Dispatcher.php(200): Controller->render()
#14 C:\xampp\htdocs\immo\lib\Cake\Routing\Dispatcher.php(167): Dispatcher->_invoke(Object(UsersController), Object(CakeRequest))
#15 C:\xampp\htdocs\immo\app\webroot\index.php(111): Dispatcher->dispatch(Object(CakeRequest), Object(CakeResponse))
#16 {main}
2016-04-05 22:51:30 Error: [MissingConnectionException] Database connection "Mysql" is missing, or could not be created.
Exception Attributes: array (
  'class' => 'Mysql',
  'message' => 'SQLSTATE[HY000] [1045] Access denied for user \'gfortin\'@\'localhost\' (using password: YES)',
  'enabled' => true,
)
Request URL: /immo/login
Stack Trace:
#0 C:\xampp\htdocs\immo\lib\Cake\Model\Datasource\DboSource.php(260): Mysql->connect()
#1 C:\xampp\htdocs\immo\lib\Cake\Model\ConnectionManager.php(105): DboSource->__construct(Array)
#2 C:\xampp\htdocs\immo\lib\Cake\Model\Model.php(3626): ConnectionManager::getDataSource('default')
#3 C:\xampp\htdocs\immo\lib\Cake\Model\Model.php(1155): Model->setDataSource('default')
#4 C:\xampp\htdocs\immo\lib\Cake\Model\Model.php(3653): Model->setSource('users')
#5 C:\xampp\htdocs\immo\lib\Cake\Model\Model.php(1387): Model->getDataSource()
#6 C:\xampp\htdocs\immo\lib\Cake\View\Helper\FormHelper.php(215): Model->schema()
#7 C:\xampp\htdocs\immo\lib\Cake\View\Helper\FormHelper.php(468): FormHelper->_introspectModel('User', 'fields')
#8 C:\xampp\htdocs\immo\app\Plugin\Users\View\Users\login.ctp(18): FormHelper->create('User', Array)
#9 C:\xampp\htdocs\immo\lib\Cake\View\View.php(971): include('C:\\xampp\\htdocs...')
#10 C:\xampp\htdocs\immo\lib\Cake\View\View.php(933): View->_evaluate('C:\\xampp\\htdocs...', Array)
#11 C:\xampp\htdocs\immo\lib\Cake\View\View.php(473): View->_render('C:\\xampp\\htdocs...')
#12 C:\xampp\htdocs\immo\lib\Cake\Controller\Controller.php(960): View->render(NULL, NULL)
#13 C:\xampp\htdocs\immo\lib\Cake\Routing\Dispatcher.php(200): Controller->render()
#14 C:\xampp\htdocs\immo\lib\Cake\Routing\Dispatcher.php(167): Dispatcher->_invoke(Object(UsersController), Object(CakeRequest))
#15 C:\xampp\htdocs\immo\app\webroot\index.php(111): Dispatcher->dispatch(Object(CakeRequest), Object(CakeResponse))
#16 {main}
2016-04-05 22:55:02 Error: [MissingConnectionException] Database connection "Mysql" is missing, or could not be created.
Exception Attributes: array (
  'class' => 'Mysql',
  'message' => 'SQLSTATE[HY000] [1045] Access denied for user \'gfortin\'@\'localhost\' (using password: YES)',
  'enabled' => true,
)
Request URL: /immo/login
Stack Trace:
#0 C:\xampp\htdocs\immo\lib\Cake\Model\Datasource\DboSource.php(260): Mysql->connect()
#1 C:\xampp\htdocs\immo\lib\Cake\Model\ConnectionManager.php(105): DboSource->__construct(Array)
#2 C:\xampp\htdocs\immo\lib\Cake\Model\Model.php(3626): ConnectionManager::getDataSource('default')
#3 C:\xampp\htdocs\immo\lib\Cake\Model\Model.php(1155): Model->setDataSource('default')
#4 C:\xampp\htdocs\immo\lib\Cake\Model\Model.php(3653): Model->setSource('users')
#5 C:\xampp\htdocs\immo\lib\Cake\Model\Model.php(1387): Model->getDataSource()
#6 C:\xampp\htdocs\immo\lib\Cake\View\Helper\FormHelper.php(215): Model->schema()
#7 C:\xampp\htdocs\immo\lib\Cake\View\Helper\FormHelper.php(468): FormHelper->_introspectModel('User', 'fields')
#8 C:\xampp\htdocs\immo\app\Plugin\Users\View\Users\login.ctp(18): FormHelper->create('User', Array)
#9 C:\xampp\htdocs\immo\lib\Cake\View\View.php(971): include('C:\\xampp\\htdocs...')
#10 C:\xampp\htdocs\immo\lib\Cake\View\View.php(933): View->_evaluate('C:\\xampp\\htdocs...', Array)
#11 C:\xampp\htdocs\immo\lib\Cake\View\View.php(473): View->_render('C:\\xampp\\htdocs...')
#12 C:\xampp\htdocs\immo\lib\Cake\Controller\Controller.php(960): View->render(NULL, NULL)
#13 C:\xampp\htdocs\immo\lib\Cake\Routing\Dispatcher.php(200): Controller->render()
#14 C:\xampp\htdocs\immo\lib\Cake\Routing\Dispatcher.php(167): Dispatcher->_invoke(Object(UsersController), Object(CakeRequest))
#15 C:\xampp\htdocs\immo\app\webroot\index.php(111): Dispatcher->dispatch(Object(CakeRequest), Object(CakeResponse))
#16 {main}
2016-04-05 22:55:29 Error: [MissingConnectionException] Database connection "Mysql" is missing, or could not be created.
Exception Attributes: array (
  'class' => 'Mysql',
  'message' => 'SQLSTATE[HY000] [1045] Access denied for user \'gfortin\'@\'localhost\' (using password: YES)',
  'enabled' => true,
)
Request URL: /immo/login
Stack Trace:
#0 C:\xampp\htdocs\immo\lib\Cake\Model\Datasource\DboSource.php(260): Mysql->connect()
#1 C:\xampp\htdocs\immo\lib\Cake\Model\ConnectionManager.php(105): DboSource->__construct(Array)
#2 C:\xampp\htdocs\immo\lib\Cake\Model\Model.php(3626): ConnectionManager::getDataSource('default')
#3 C:\xampp\htdocs\immo\lib\Cake\Model\Model.php(1155): Model->setDataSource('default')
#4 C:\xampp\htdocs\immo\lib\Cake\Model\Model.php(3653): Model->setSource('users')
#5 C:\xampp\htdocs\immo\lib\Cake\Model\Model.php(1387): Model->getDataSource()
#6 C:\xampp\htdocs\immo\lib\Cake\View\Helper\FormHelper.php(215): Model->schema()
#7 C:\xampp\htdocs\immo\lib\Cake\View\Helper\FormHelper.php(468): FormHelper->_introspectModel('User', 'fields')
#8 C:\xampp\htdocs\immo\app\Plugin\Users\View\Users\login.ctp(18): FormHelper->create('User', Array)
#9 C:\xampp\htdocs\immo\lib\Cake\View\View.php(971): include('C:\\xampp\\htdocs...')
#10 C:\xampp\htdocs\immo\lib\Cake\View\View.php(933): View->_evaluate('C:\\xampp\\htdocs...', Array)
#11 C:\xampp\htdocs\immo\lib\Cake\View\View.php(473): View->_render('C:\\xampp\\htdocs...')
#12 C:\xampp\htdocs\immo\lib\Cake\Controller\Controller.php(960): View->render(NULL, NULL)
#13 C:\xampp\htdocs\immo\lib\Cake\Routing\Dispatcher.php(200): Controller->render()
#14 C:\xampp\htdocs\immo\lib\Cake\Routing\Dispatcher.php(167): Dispatcher->_invoke(Object(UsersController), Object(CakeRequest))
#15 C:\xampp\htdocs\immo\app\webroot\index.php(111): Dispatcher->dispatch(Object(CakeRequest), Object(CakeResponse))
#16 {main}
2016-04-05 22:59:11 Error: [MissingConnectionException] Database connection "Mysql" is missing, or could not be created.
Exception Attributes: array (
  'class' => 'Mysql',
  'message' => 'SQLSTATE[HY000] [1045] Access denied for user \'root\'@\'localhost\' (using password: YES)',
  'enabled' => true,
)
Request URL: /immo/login
Stack Trace:
#0 C:\xampp\htdocs\immo\lib\Cake\Model\Datasource\DboSource.php(260): Mysql->connect()
#1 C:\xampp\htdocs\immo\lib\Cake\Model\ConnectionManager.php(105): DboSource->__construct(Array)
#2 C:\xampp\htdocs\immo\lib\Cake\Model\Model.php(3626): ConnectionManager::getDataSource('default')
#3 C:\xampp\htdocs\immo\lib\Cake\Model\Model.php(1155): Model->setDataSource('default')
#4 C:\xampp\htdocs\immo\lib\Cake\Model\Model.php(3653): Model->setSource('users')
#5 C:\xampp\htdocs\immo\lib\Cake\Model\Model.php(1387): Model->getDataSource()
#6 C:\xampp\htdocs\immo\lib\Cake\View\Helper\FormHelper.php(215): Model->schema()
#7 C:\xampp\htdocs\immo\lib\Cake\View\Helper\FormHelper.php(468): FormHelper->_introspectModel('User', 'fields')
#8 C:\xampp\htdocs\immo\app\Plugin\Users\View\Users\login.ctp(18): FormHelper->create('User', Array)
#9 C:\xampp\htdocs\immo\lib\Cake\View\View.php(971): include('C:\\xampp\\htdocs...')
#10 C:\xampp\htdocs\immo\lib\Cake\View\View.php(933): View->_evaluate('C:\\xampp\\htdocs...', Array)
#11 C:\xampp\htdocs\immo\lib\Cake\View\View.php(473): View->_render('C:\\xampp\\htdocs...')
#12 C:\xampp\htdocs\immo\lib\Cake\Controller\Controller.php(960): View->render(NULL, NULL)
#13 C:\xampp\htdocs\immo\lib\Cake\Routing\Dispatcher.php(200): Controller->render()
#14 C:\xampp\htdocs\immo\lib\Cake\Routing\Dispatcher.php(167): Dispatcher->_invoke(Object(UsersController), Object(CakeRequest))
#15 C:\xampp\htdocs\immo\app\webroot\index.php(111): Dispatcher->dispatch(Object(CakeRequest), Object(CakeResponse))
#16 {main}
